2020-01-04 22:35:04 UTC [logSuccess] INFO: 1 bacon for you, that'll be $5 
2020-01-04 22:35:09 UTC [logSuccess] INFO: 1 coffee for you, that'll be $1 
2020-01-04 22:35:14 UTC [logFail] WARNING: we don't carry fruit... 
2020-01-04 22:35:19 UTC [logSuccess] INFO: 1 beer for you, that'll be $2 
2020-01-04 22:35:24 UTC [logSuccess] INFO: 1 coffee for you, that'll be $1 
2020-01-04 22:35:29 UTC [logSuccess] INFO: 1 coffee for you, that'll be $1 
2020-01-04 22:35:34 UTC [logSuccess] INFO: 1 coffee for you, that'll be $1 
2020-01-04 22:35:39 UTC [logSuccess] INFO: 1 coffee for you, that'll be $1 
2020-01-04 22:35:44 UTC [logSuccess] INFO: 1 bacon for you, that'll be $5 
2020-01-04 22:35:49 UTC [logSuccess] INFO: 1 bacon for you, that'll be $5 
2020-01-04 22:35:54 UTC [logSuccess] INFO: 1 bacon for you, that'll be $5 
2020-01-04 22:35:59 UTC [logSuccess] INFO: 1 beer for you, that'll be $2 
2020-01-04 22:36:04 UTC [logSuccess] INFO: 1 bacon for you, that'll be $5 
2020-01-04 22:36:09 UTC [logSuccess] INFO: 1 coffee for you, that'll be $1 
2020-01-04 22:36:14 UTC [logFail] WARNING: we don't carry fruit... 
2020-01-04 22:36:19 UTC [logFail] WARNING: we don't carry fruit... 
2020-01-04 22:36:24 UTC [logSuccess] INFO: 1 bacon for you, that'll be $5 
2020-01-04 22:36:29 UTC [logSuccess] INFO: 1 beer for you, that'll be $2 
2020-01-04 22:36:34 UTC [logSuccess] INFO: 1 bacon for you, that'll be $5 
2020-01-04 22:36:39 UTC [logFail] WARNING: we don't carry fruit... 
2020-01-04 22:36:44 UTC [logFail] WARNING: we don't carry fruit... 
2020-01-04 22:36:49 UTC [logFail] WARNING: sorry all out of bacon 
2020-01-04 22:36:54 UTC [logFail] WARNING: we don't carry fruit... 
2020-01-04 22:36:59 UTC [logFail] WARNING: we don't carry fruit... 
2020-01-04 22:37:04 UTC [logSuccess] INFO: 1 beer for you, that'll be $2 
2020-01-04 22:37:09 UTC [logSuccess] INFO: 1 beer for you, that'll be $2 
2020-01-04 22:37:14 UTC [logSuccess] INFO: 1 coffee for you, that'll be $1 
2020-01-04 22:37:19 UTC [logSuccess] INFO: 1 beer for you, that'll be $2 
2020-01-04 22:37:24 UTC [logFail] WARNING: we don't carry fruit... 
2020-01-04 22:37:29 UTC [logSuccess] INFO: 1 beer for you, that'll be $2 
2020-01-04 22:37:34 UTC [logFail] WARNING: sorry all out of bacon 
2020-01-04 22:37:39 UTC [logFail] WARNING: sorry all out of bacon 
2020-01-04 22:37:44 UTC [logSuccess] INFO: 1 coffee for you, that'll be $1 
2020-01-04 22:37:49 UTC [logSuccess] INFO: 1 beer for you, that'll be $2 
2020-01-04 22:37:54 UTC [logFail] WARNING: sorry all out of bacon 
2020-01-04 22:37:59 UTC [logFail] WARNING: we don't carry fruit... 
2020-01-04 22:38:04 UTC [logFail] WARNING: sorry all out of beer 
2020-01-04 22:38:09 UTC [logFail] WARNING: sorry all out of bacon 
2020-01-04 22:38:14 UTC [logFail] WARNING: we don't carry fruit... 
2020-01-04 22:38:19 UTC [logFail] WARNING: we don't carry fruit... 
2020-01-04 22:38:24 UTC [logFail] WARNING: sorry all out of beer 
2020-01-04 22:38:29 UTC [logFail] WARNING: sorry all out of beer 
2020-01-04 22:38:34 UTC [logSuccess] INFO: 1 coffee for you, that'll be $1 
2020-01-04 22:38:39 UTC [logFail] WARNING: we don't carry fruit... 
2020-01-04 22:38:44 UTC [logFail] WARNING: sorry all out of bacon 
2020-01-04 22:38:49 UTC [logFail] WARNING: we don't carry fruit... 
2020-01-04 22:38:54 UTC [logFail] WARNING: we don't carry fruit... 
2020-01-04 22:38:59 UTC [logFail] WARNING: sorry all out of bacon 
2020-01-04 22:39:04 UTC [logFail] WARNING: sorry all out of bacon 
2020-01-04 22:39:09 UTC [logFail] WARNING: sorry all out of beer 
2020-01-04 22:39:14 UTC [logFail] WARNING: sorry all out of bacon 
2020-01-04 22:39:19 UTC [logFail] WARNING: sorry all out of coffee 
2020-01-04 22:39:24 UTC [logFail] WARNING: sorry all out of beer 
2020-01-04 22:39:29 UTC [logFail] WARNING: sorry all out of coffee 
2020-01-04 22:39:34 UTC [logFail] WARNING: we don't carry fruit... 
2020-01-04 22:39:39 UTC [logFail] WARNING: we don't carry fruit... 
2020-01-04 22:39:44 UTC [logFail] WARNING: sorry all out of beer 
2020-01-04 22:39:49 UTC [logFail] WARNING: sorry all out of beer 
2020-01-04 22:39:54 UTC [logFail] WARNING: we don't carry fruit... 
2020-01-04 22:39:59 UTC [logFail] WARNING: we don't carry fruit... 
2020-01-04 22:44:46 UTC [logSuccess] INFO: 1 beer for you, that'll be $2 
2020-01-04 22:44:51 UTC [logSuccess] INFO: 1 beer for you, that'll be $2 
2020-01-04 22:44:56 UTC [logSuccess] INFO: 1 beer for you, that'll be $2 
2020-01-04 22:45:01 UTC [logSuccess] INFO: 1 beer for you, that'll be $2 
2020-01-04 22:45:06 UTC [logSuccess] INFO: 1 bacon for you, that'll be $5 
2020-01-04 22:45:11 UTC [logFail] WARNING: we don't carry fruit... 
2020-01-04 22:45:16 UTC [logSuccess] INFO: 1 coffee for you, that'll be $1 
2020-01-04 22:45:21 UTC [logFail] WARNING: we don't carry fruit... 
2020-01-04 22:45:26 UTC [logSuccess] INFO: 1 bacon for you, that'll be $5 
2020-01-04 22:45:31 UTC [logSuccess] INFO: 1 beer for you, that'll be $2 
2020-01-04 22:45:36 UTC [logSuccess] INFO: 1 coffee for you, that'll be $1 
2020-01-04 22:45:41 UTC [logFail] WARNING: we don't carry fruit... 
2020-01-04 22:45:46 UTC [logSuccess] INFO: 1 coffee for you, that'll be $1 
2020-01-04 22:45:51 UTC [logSuccess] INFO: 1 bacon for you, that'll be $5 
2020-01-04 22:45:56 UTC [logSuccess] INFO: 1 beer for you, that'll be $2 
2020-01-04 22:46:01 UTC [logFail] WARNING: we don't carry fruit... 
2020-01-04 22:46:06 UTC [logFail] WARNING: we don't carry fruit... 
2020-01-04 22:46:11 UTC [logSuccess] INFO: 1 bacon for you, that'll be $5 
2020-01-04 22:46:16 UTC [logSuccess] INFO: 1 bacon for you, that'll be $5 
2020-01-04 22:46:21 UTC [logFail] WARNING: we don't carry fruit... 
2020-01-04 22:46:26 UTC [logSuccess] INFO: 1 coffee for you, that'll be $1 
2020-01-04 22:46:31 UTC [logSuccess] INFO: 1 beer for you, that'll be $2 
2020-01-04 22:46:36 UTC [logSuccess] INFO: 1 coffee for you, that'll be $1 
2020-01-04 22:46:41 UTC [logSuccess] INFO: 1 beer for you, that'll be $2 
2020-01-04 22:46:46 UTC [logFail] WARNING: we don't carry fruit... 
2020-01-04 22:46:51 UTC [logFail] WARNING: we don't carry fruit... 
2020-01-04 22:46:56 UTC [logSuccess] INFO: 1 bacon for you, that'll be $5 
2020-01-04 22:47:01 UTC [logSuccess] INFO: 1 beer for you, that'll be $2 
2020-01-04 22:47:06 UTC [logSuccess] INFO: 1 coffee for you, that'll be $1 
2020-01-04 22:47:11 UTC [logFail] WARNING: we don't carry fruit... 
2020-01-04 22:47:16 UTC [logSuccess] INFO: 1 beer for you, that'll be $2 
2020-01-04 22:47:21 UTC [logFail] WARNING: sorry all out of beer 
2020-01-04 22:47:26 UTC [logSuccess] INFO: 1 coffee for you, that'll be $1 
2020-01-04 22:47:31 UTC [logSuccess] INFO: 1 coffee for you, that'll be $1 
2020-01-04 22:47:36 UTC [logFail] WARNING: we don't carry fruit... 
2020-01-04 22:47:41 UTC [logSuccess] INFO: 1 bacon for you, that'll be $5 
2020-01-04 22:47:46 UTC [logFail] WARNING: sorry all out of beer 
2020-01-04 22:47:51 UTC [logSuccess] INFO: 1 bacon for you, that'll be $5 
2020-01-04 22:47:56 UTC [logSuccess] INFO: 1 bacon for you, that'll be $5 
2020-01-04 22:48:01 UTC [logSuccess] INFO: 1 coffee for you, that'll be $1 
2020-01-04 22:48:06 UTC [logSuccess] INFO: 1 bacon for you, that'll be $5 
2020-01-04 22:48:11 UTC [logFail] WARNING: sorry all out of bacon 
2020-01-04 22:48:16 UTC [logFail] WARNING: sorry all out of beer 
2020-01-04 22:48:21 UTC [logFail] WARNING: sorry all out of bacon 
2020-01-04 22:48:26 UTC [logFail] WARNING: sorry all out of bacon 
2020-01-04 22:48:31 UTC [logSuccess] INFO: 1 coffee for you, that'll be $1 
2020-01-04 22:48:36 UTC [logFail] WARNING: we don't carry fruit... 
2020-01-04 22:48:41 UTC [logFail] WARNING: sorry all out of beer 
2020-01-04 22:48:46 UTC [logFail] WARNING: sorry all out of coffee 
2020-01-04 22:48:51 UTC [logFail] WARNING: we don't carry fruit... 
2020-01-04 22:48:56 UTC [logFail] WARNING: sorry all out of bacon 
2020-01-04 22:49:01 UTC [logFail] WARNING: sorry all out of beer 
2020-01-04 22:49:06 UTC [logFail] WARNING: sorry all out of bacon 
2020-01-04 22:49:11 UTC [logFail] WARNING: sorry all out of beer 
2020-01-04 22:49:16 UTC [logFail] WARNING: sorry all out of bacon 
2020-01-04 22:49:21 UTC [logFail] WARNING: we don't carry fruit... 
2020-01-04 22:49:26 UTC [logFail] WARNING: sorry all out of beer 
2020-01-04 22:49:31 UTC [logFail] WARNING: sorry all out of coffee 
2020-01-04 22:49:36 UTC [logFail] WARNING: we don't carry fruit... 
2020-01-04 22:49:41 UTC [logFail] WARNING: we don't carry fruit... 
2020-01-04 22:49:46 UTC [logFail] WARNING: sorry all out of bacon 
2020-01-06 15:12:44 UTC [logSuccess] INFO: 1 beer for you, that'll be $2 
2020-01-06 15:12:49 UTC [logSuccess] INFO: 1 bacon for you, that'll be $5 
2020-01-06 15:12:54 UTC [logFail] WARNING: we don't carry fruit... 
2020-01-06 15:12:59 UTC [logSuccess] INFO: 1 bacon for you, that'll be $5 
2020-01-06 15:13:04 UTC [logSuccess] INFO: 1 coffee for you, that'll be $1 
2020-01-06 15:13:09 UTC [logFail] WARNING: we don't carry fruit... 
2020-01-06 15:13:14 UTC [logSuccess] INFO: 1 coffee for you, that'll be $1 
2020-01-06 15:13:19 UTC [logSuccess] INFO: 1 bacon for you, that'll be $5 
2020-01-06 15:13:24 UTC [logFail] WARNING: we don't carry fruit... 
2020-01-06 15:13:29 UTC [logSuccess] INFO: 1 coffee for you, that'll be $1 
2020-01-06 15:13:34 UTC [logSuccess] INFO: 1 beer for you, that'll be $2 
2020-01-06 15:13:39 UTC [logFail] WARNING: we don't carry fruit... 
2020-01-06 15:13:44 UTC [logSuccess] INFO: 1 beer for you, that'll be $2 
2020-01-06 15:13:49 UTC [logSuccess] INFO: 1 coffee for you, that'll be $1 
2020-01-06 15:13:54 UTC [logSuccess] INFO: 1 beer for you, that'll be $2 
2020-01-06 15:13:59 UTC [logSuccess] INFO: 1 coffee for you, that'll be $1 
2020-01-06 15:14:04 UTC [logFail] WARNING: we don't carry fruit... 
2020-01-06 15:14:09 UTC [logSuccess] INFO: 1 bacon for you, that'll be $5 
2020-01-06 15:14:14 UTC [logSuccess] INFO: 1 bacon for you, that'll be $5 
2020-01-06 15:14:19 UTC [logSuccess] INFO: 1 bacon for you, that'll be $5 
2020-01-06 15:14:24 UTC [logSuccess] INFO: 1 beer for you, that'll be $2 
2020-01-06 15:14:29 UTC [logSuccess] INFO: 1 bacon for you, that'll be $5 
2020-01-06 15:14:34 UTC [logFail] WARNING: we don't carry fruit... 
2020-01-06 15:14:39 UTC [logSuccess] INFO: 1 beer for you, that'll be $2 
2020-01-06 15:14:44 UTC [logSuccess] INFO: 1 beer for you, that'll be $2 
2020-01-06 15:14:49 UTC [logSuccess] INFO: 1 coffee for you, that'll be $1 
2020-01-06 15:14:54 UTC [logFail] WARNING: we don't carry fruit... 
2020-01-06 15:14:59 UTC [logSuccess] INFO: 1 coffee for you, that'll be $1 
2020-01-06 15:15:04 UTC [logSuccess] INFO: 1 coffee for you, that'll be $1 
2020-01-06 15:15:09 UTC [logSuccess] INFO: 1 coffee for you, that'll be $1 
2020-01-06 15:15:14 UTC [logSuccess] INFO: 1 coffee for you, that'll be $1 
2020-01-06 15:15:19 UTC [logFail] WARNING: we don't carry fruit... 
2020-01-06 15:15:24 UTC [logFail] WARNING: sorry all out of coffee 
2020-01-06 15:15:29 UTC [logSuccess] INFO: 1 bacon for you, that'll be $5 
2020-01-06 15:15:34 UTC [logSuccess] INFO: 1 beer for you, that'll be $2 
2020-01-06 15:15:39 UTC [logSuccess] INFO: 1 bacon for you, that'll be $5 
2020-01-06 15:15:44 UTC [logFail] WARNING: we don't carry fruit... 
2020-01-06 15:15:49 UTC [logSuccess] INFO: 1 bacon for you, that'll be $5 
2020-01-06 15:15:54 UTC [logSuccess] INFO: 1 beer for you, that'll be $2 
2020-01-06 15:15:59 UTC [logFail] WARNING: we don't carry fruit... 
2020-01-06 15:16:04 UTC [logFail] WARNING: sorry all out of coffee 
2020-01-06 15:16:09 UTC [logFail] WARNING: sorry all out of bacon 
2020-01-06 15:16:14 UTC [logFail] WARNING: sorry all out of coffee 
2020-01-06 15:16:19 UTC [logFail] WARNING: sorry all out of bacon 
2020-01-06 15:16:24 UTC [logSuccess] INFO: 1 beer for you, that'll be $2 
2020-01-06 15:16:29 UTC [logFail] WARNING: sorry all out of bacon 
2020-01-06 15:16:34 UTC [logFail] WARNING: sorry all out of coffee 
2020-01-06 15:16:39 UTC [logFail] WARNING: sorry all out of bacon 
2020-01-06 15:16:44 UTC [logFail] WARNING: sorry all out of coffee 
2020-01-06 15:16:49 UTC [logFail] WARNING: sorry all out of beer 
2020-01-06 15:16:54 UTC [logFail] WARNING: we don't carry fruit... 
2020-01-06 15:16:59 UTC [logFail] WARNING: sorry all out of beer 
2020-01-06 15:17:04 UTC [logFail] WARNING: sorry all out of coffee 
2020-01-06 15:17:09 UTC [logFail] WARNING: sorry all out of bacon 
2020-01-06 15:17:14 UTC [logFail] WARNING: sorry all out of bacon 
2020-01-06 15:17:19 UTC [logFail] WARNING: sorry all out of beer 
2020-01-06 15:17:24 UTC [logFail] WARNING: we don't carry fruit... 
2020-01-06 15:17:29 UTC [logFail] WARNING: sorry all out of bacon 
2020-01-06 15:17:34 UTC [logFail] WARNING: sorry all out of bacon 
2020-01-06 15:17:39 UTC [logFail] WARNING: we don't carry fruit... 
2020-01-06 15:17:44 UTC [logFail] WARNING: sorry all out of coffee 
2020-01-06 15:19:45 UTC [logFail] WARNING: sorry all out of beer 
2020-01-06 15:19:50 UTC [logFail] WARNING: sorry all out of bacon 
2020-01-06 15:19:55 UTC [logFail] WARNING: sorry all out of coffee 
2020-01-06 15:20:00 UTC [logFail] WARNING: sorry all out of bacon 
2020-01-06 15:20:05 UTC [logSuccess] INFO: 1 coffee for you, that'll be $1 
2020-01-06 15:20:10 UTC [logSuccess] INFO: 1 coffee for you, that'll be $1 
2020-01-06 15:20:15 UTC [logFail] WARNING: we don't carry fruit... 
2020-01-06 15:20:20 UTC [logFail] WARNING: we don't carry fruit... 
2020-01-06 15:20:25 UTC [logSuccess] INFO: 1 beer for you, that'll be $2 
2020-01-06 15:20:30 UTC [logSuccess] INFO: 1 beer for you, that'll be $2 
2020-01-06 15:20:35 UTC [logFail] WARNING: we don't carry fruit... 
2020-01-06 15:20:40 UTC [logSuccess] INFO: 1 beer for you, that'll be $2 
2020-01-06 15:20:45 UTC [logFail] WARNING: we don't carry fruit... 
2020-01-06 15:20:50 UTC [logFail] WARNING: we don't carry fruit... 
2020-01-06 15:20:55 UTC [logSuccess] INFO: 1 bacon for you, that'll be $5 
2020-01-06 15:21:00 UTC [logSuccess] INFO: 1 bacon for you, that'll be $5 
2020-01-06 15:21:05 UTC [logFail] WARNING: we don't carry fruit... 
2020-01-06 15:21:10 UTC [logFail] WARNING: we don't carry fruit... 
2020-01-06 15:21:15 UTC [logFail] WARNING: we don't carry fruit... 
2020-01-06 15:21:20 UTC [logSuccess] INFO: 1 beer for you, that'll be $2 
2020-01-06 15:21:25 UTC [logSuccess] INFO: 1 bacon for you, that'll be $5 
2020-01-06 15:21:30 UTC [logSuccess] INFO: 1 coffee for you, that'll be $1 
2020-01-06 15:21:35 UTC [logFail] WARNING: we don't carry fruit... 
2020-01-06 15:21:40 UTC [logSuccess] INFO: 1 bacon for you, that'll be $5 
2020-01-06 15:21:45 UTC [logFail] WARNING: we don't carry fruit... 
2020-01-06 15:21:50 UTC [logSuccess] INFO: 1 coffee for you, that'll be $1 
2020-01-06 15:21:55 UTC [logSuccess] INFO: 1 bacon for you, that'll be $5 
2020-01-06 15:22:00 UTC [logSuccess] INFO: 1 beer for you, that'll be $2 
2020-01-06 15:22:05 UTC [logSuccess] INFO: 1 beer for you, that'll be $2 
2020-01-06 15:22:10 UTC [logFail] WARNING: we don't carry fruit... 
2020-01-06 15:22:15 UTC [logFail] WARNING: we don't carry fruit... 
2020-01-06 15:22:20 UTC [logSuccess] INFO: 1 beer for you, that'll be $2 
2020-01-06 15:22:25 UTC [logSuccess] INFO: 1 beer for you, that'll be $2 
2020-01-06 15:22:30 UTC [logSuccess] INFO: 1 beer for you, that'll be $2 
2020-01-06 15:22:35 UTC [logSuccess] INFO: 1 bacon for you, that'll be $5 
2020-01-06 15:22:40 UTC [logFail] WARNING: we don't carry fruit... 
2020-01-06 15:22:45 UTC [logSuccess] INFO: 1 bacon for you, that'll be $5 
2020-01-06 15:22:50 UTC [logSuccess] INFO: 1 beer for you, that'll be $2 
2020-01-06 15:22:55 UTC [logFail] WARNING: we don't carry fruit... 
2020-01-06 15:23:00 UTC [logFail] WARNING: we don't carry fruit... 
2020-01-06 15:23:05 UTC [logFail] WARNING: we don't carry fruit... 
2020-01-06 15:23:10 UTC [logFail] WARNING: sorry all out of beer 
2020-01-06 15:23:15 UTC [logFail] WARNING: we don't carry fruit... 
2020-01-06 15:23:20 UTC [logSuccess] INFO: 1 bacon for you, that'll be $5 
2020-01-06 15:23:25 UTC [logSuccess] INFO: 1 bacon for you, that'll be $5 
2020-01-06 15:23:30 UTC [logSuccess] INFO: 1 bacon for you, that'll be $5 
2020-01-06 15:23:35 UTC [logFail] WARNING: we don't carry fruit... 
2020-01-06 15:23:40 UTC [logFail] WARNING: we don't carry fruit... 
2020-01-06 15:23:45 UTC [logFail] WARNING: we don't carry fruit... 
2020-01-06 15:23:50 UTC [logSuccess] INFO: 1 coffee for you, that'll be $1 
2020-01-06 15:23:55 UTC [logSuccess] INFO: 1 coffee for you, that'll be $1 
2020-01-06 15:24:00 UTC [logFail] WARNING: sorry all out of bacon 
2020-01-06 15:24:05 UTC [logFail] WARNING: we don't carry fruit... 
2020-01-06 15:24:10 UTC [logSuccess] INFO: 1 coffee for you, that'll be $1 
2020-01-06 15:24:15 UTC [logSuccess] INFO: 1 coffee for you, that'll be $1 
2020-01-06 15:24:20 UTC [logFail] WARNING: we don't carry fruit... 
2020-01-06 15:24:25 UTC [logFail] WARNING: we don't carry fruit... 
2020-01-06 15:24:30 UTC [logFail] WARNING: sorry all out of beer 
2020-01-06 15:24:35 UTC [logFail] WARNING: sorry all out of bacon 
2020-01-06 15:24:40 UTC [logSuccess] INFO: 1 coffee for you, that'll be $1 
2020-01-06 15:24:45 UTC [logSuccess] INFO: 1 coffee for you, that'll be $1 
2020-01-06 18:11:43 UTC [logSuccess] INFO: 1 coffee for you, that'll be $1 
2020-01-06 18:11:48 UTC [logSuccess] INFO: 1 coffee for you, that'll be $1 
2020-01-06 18:11:53 UTC [logSuccess] INFO: 1 beer for you, that'll be $2 
2020-01-06 18:11:58 UTC [logSuccess] INFO: 1 beer for you, that'll be $2 
2020-01-06 18:12:03 UTC [logSuccess] INFO: 1 coffee for you, that'll be $1 
2020-01-06 18:12:08 UTC [logSuccess] INFO: 1 bacon for you, that'll be $5 
2020-01-06 18:12:13 UTC [logSuccess] INFO: 1 beer for you, that'll be $2 
2020-01-06 18:12:18 UTC [logSuccess] INFO: 1 bacon for you, that'll be $5 
2020-01-06 18:12:23 UTC [logSuccess] INFO: 1 beer for you, that'll be $2 
2020-01-06 18:12:28 UTC [logFail] WARNING: we don't carry fruit... 
2020-01-06 18:12:33 UTC [logFail] WARNING: we don't carry fruit... 
2020-01-06 18:12:38 UTC [logFail] WARNING: we don't carry fruit... 
2020-01-06 18:12:43 UTC [logSuccess] INFO: 1 coffee for you, that'll be $1 
2020-01-06 18:12:48 UTC [logFail] WARNING: we don't carry fruit... 
2020-01-06 18:12:53 UTC [logSuccess] INFO: 1 coffee for you, that'll be $1 
2020-01-06 18:12:58 UTC [logSuccess] INFO: 1 coffee for you, that'll be $1 
2020-01-06 18:13:03 UTC [logSuccess] INFO: 1 beer for you, that'll be $2 
2020-01-06 18:13:08 UTC [logSuccess] INFO: 1 coffee for you, that'll be $1 
2020-01-06 18:13:13 UTC [logSuccess] INFO: 1 beer for you, that'll be $2 
2020-01-06 18:13:18 UTC [logFail] WARNING: we don't carry fruit... 
2020-01-06 18:13:23 UTC [logSuccess] INFO: 1 bacon for you, that'll be $5 
2020-01-06 18:13:28 UTC [logFail] WARNING: we don't carry fruit... 
2020-01-06 18:13:33 UTC [logSuccess] INFO: 1 bacon for you, that'll be $5 
2020-01-06 18:13:38 UTC [logSuccess] INFO: 1 bacon for you, that'll be $5 
2020-01-06 18:13:43 UTC [logSuccess] INFO: 1 beer for you, that'll be $2 
2020-01-06 18:13:48 UTC [logSuccess] INFO: 1 bacon for you, that'll be $5 
2020-01-06 18:13:53 UTC [logSuccess] INFO: 1 beer for you, that'll be $2 
2020-01-06 18:13:58 UTC [logSuccess] INFO: 1 beer for you, that'll be $2 
2020-01-06 18:14:03 UTC [logSuccess] INFO: 1 beer for you, that'll be $2 
2020-01-06 18:14:08 UTC [logSuccess] INFO: 1 coffee for you, that'll be $1 
2020-01-06 18:14:13 UTC [logFail] WARNING: we don't carry fruit... 
2020-01-06 18:14:18 UTC [logSuccess] INFO: 1 coffee for you, that'll be $1 
2020-01-06 18:14:23 UTC [logFail] WARNING: we don't carry fruit... 
2020-01-06 18:14:28 UTC [logSuccess] INFO: 1 bacon for you, that'll be $5 
2020-01-06 18:14:33 UTC [logFail] WARNING: sorry all out of beer 
2020-01-06 18:14:38 UTC [logSuccess] INFO: 1 coffee for you, that'll be $1 
2020-01-06 18:14:43 UTC [logFail] WARNING: sorry all out of coffee 
2020-01-06 18:14:48 UTC [logFail] WARNING: we don't carry fruit... 
2020-01-06 18:14:53 UTC [logFail] WARNING: we don't carry fruit... 
2020-01-06 18:14:58 UTC [logFail] WARNING: we don't carry fruit... 
2020-01-06 18:15:03 UTC [logFail] WARNING: sorry all out of beer 
2020-01-06 18:15:08 UTC [logFail] WARNING: we don't carry fruit... 
2020-01-06 18:15:13 UTC [logFail] WARNING: we don't carry fruit... 
2020-01-06 18:15:18 UTC [logFail] WARNING: sorry all out of beer 
2020-01-06 18:15:23 UTC [logFail] WARNING: sorry all out of coffee 
2020-01-06 18:15:28 UTC [logFail] WARNING: sorry all out of beer 
2020-01-06 18:15:33 UTC [logFail] WARNING: we don't carry fruit... 
2020-01-06 18:15:38 UTC [logFail] WARNING: sorry all out of coffee 
2020-01-06 18:15:43 UTC [logFail] WARNING: sorry all out of coffee 
2020-01-06 18:15:48 UTC [logFail] WARNING: sorry all out of beer 
2020-01-06 18:15:53 UTC [logFail] WARNING: we don't carry fruit... 
2020-01-06 18:15:58 UTC [logFail] WARNING: we don't carry fruit... 
2020-01-06 18:16:03 UTC [logFail] WARNING: sorry all out of coffee 
2020-01-06 18:16:08 UTC [logSuccess] INFO: 1 bacon for you, that'll be $5 
2020-01-06 18:16:13 UTC [logSuccess] INFO: 1 bacon for you, that'll be $5 
2020-01-06 18:16:18 UTC [logSuccess] INFO: 1 bacon for you, that'll be $5 
2020-01-06 18:16:23 UTC [logFail] WARNING: sorry all out of coffee 
2020-01-06 18:16:28 UTC [logFail] WARNING: sorry all out of coffee 
2020-01-06 18:16:33 UTC [logFail] WARNING: we don't carry fruit... 
2020-01-06 18:16:38 UTC [logFail] WARNING: sorry all out of beer 
2020-01-06 18:16:43 UTC [logFail] WARNING: sorry all out of bacon 
2020-01-07 00:00:09 UTC [logFail] WARNING: we don't carry fruit... 
2020-01-07 00:00:14 UTC [logSuccess] INFO: 1 bacon for you, that'll be $5 
2020-01-07 00:00:19 UTC [logSuccess] INFO: 1 bacon for you, that'll be $5 
2020-01-07 00:00:24 UTC [logFail] WARNING: we don't carry fruit... 
2020-01-07 00:00:29 UTC [logSuccess] INFO: 1 coffee for you, that'll be $1 
2020-01-07 00:00:34 UTC [logFail] WARNING: we don't carry fruit... 
2020-01-07 00:00:39 UTC [logSuccess] INFO: 1 beer for you, that'll be $2 
2020-01-07 00:00:44 UTC [logSuccess] INFO: 1 beer for you, that'll be $2 
2020-01-07 00:00:49 UTC [logFail] WARNING: we don't carry fruit... 
2020-01-07 00:00:54 UTC [logSuccess] INFO: 1 coffee for you, that'll be $1 
2020-01-07 00:00:59 UTC [logSuccess] INFO: 1 bacon for you, that'll be $5 
2020-01-07 00:01:04 UTC [logSuccess] INFO: 1 bacon for you, that'll be $5 
2020-01-07 00:01:09 UTC [logSuccess] INFO: 1 coffee for you, that'll be $1 
2020-01-07 00:01:14 UTC [logSuccess] INFO: 1 beer for you, that'll be $2 
2020-01-07 00:01:19 UTC [logFail] WARNING: we don't carry fruit... 
2020-01-07 00:01:24 UTC [logSuccess] INFO: 1 bacon for you, that'll be $5 
2020-01-07 00:01:29 UTC [logFail] WARNING: we don't carry fruit... 
2020-01-07 00:01:34 UTC [logSuccess] INFO: 1 bacon for you, that'll be $5 
2020-01-07 00:01:39 UTC [logSuccess] INFO: 1 beer for you, that'll be $2 
2020-01-07 00:01:44 UTC [logSuccess] INFO: 1 bacon for you, that'll be $5 
2020-01-07 00:01:49 UTC [logFail] WARNING: we don't carry fruit... 
2020-01-07 00:01:54 UTC [logFail] WARNING: we don't carry fruit... 
2020-01-07 00:01:59 UTC [logSuccess] INFO: 1 bacon for you, that'll be $5 
2020-01-07 00:02:04 UTC [logSuccess] INFO: 1 bacon for you, that'll be $5 
2020-01-07 00:02:09 UTC [logSuccess] INFO: 1 beer for you, that'll be $2 
2020-01-07 00:02:14 UTC [logSuccess] INFO: 1 coffee for you, that'll be $1 
2020-01-07 00:02:19 UTC [logFail] WARNING: we don't carry fruit... 
2020-01-07 00:02:24 UTC [logSuccess] INFO: 1 bacon for you, that'll be $5 
2020-01-07 00:02:29 UTC [logSuccess] INFO: 1 coffee for you, that'll be $1 
2020-01-07 00:02:34 UTC [logSuccess] INFO: 1 coffee for you, that'll be $1 
2020-01-07 00:02:39 UTC [logFail] WARNING: sorry all out of bacon 
2020-01-07 00:02:44 UTC [logSuccess] INFO: 1 coffee for you, that'll be $1 
2020-01-07 00:02:49 UTC [logSuccess] INFO: 1 coffee for you, that'll be $1 
2020-01-07 00:02:54 UTC [logSuccess] INFO: 1 coffee for you, that'll be $1 
2020-01-07 00:02:59 UTC [logSuccess] INFO: 1 beer for you, that'll be $2 
2020-01-07 00:03:04 UTC [logSuccess] INFO: 1 beer for you, that'll be $2 
2020-01-07 00:03:09 UTC [logFail] WARNING: sorry all out of bacon 
2020-01-07 00:03:14 UTC [logFail] WARNING: sorry all out of bacon 
2020-01-07 00:03:19 UTC [logSuccess] INFO: 1 beer for you, that'll be $2 
2020-01-07 00:03:24 UTC [logFail] WARNING: we don't carry fruit... 
2020-01-07 00:03:29 UTC [logSuccess] INFO: 1 coffee for you, that'll be $1 
2020-01-07 00:03:34 UTC [logFail] WARNING: we don't carry fruit... 
2020-01-07 00:03:39 UTC [logFail] WARNING: we don't carry fruit... 
2020-01-07 00:03:44 UTC [logFail] WARNING: we don't carry fruit... 
2020-01-07 00:03:49 UTC [logFail] WARNING: we don't carry fruit... 
2020-01-07 00:03:54 UTC [logFail] WARNING: we don't carry fruit... 
2020-01-07 00:03:59 UTC [logFail] WARNING: sorry all out of coffee 
2020-01-07 00:04:04 UTC [logFail] WARNING: sorry all out of coffee 
2020-01-07 00:04:09 UTC [logFail] WARNING: sorry all out of coffee 
2020-01-07 00:04:14 UTC [logFail] WARNING: sorry all out of bacon 
2020-01-07 00:04:19 UTC [logFail] WARNING: sorry all out of bacon 
2020-01-07 00:04:24 UTC [logSuccess] INFO: 1 beer for you, that'll be $2 
2020-01-07 00:04:29 UTC [logFail] WARNING: sorry all out of bacon 
2020-01-07 00:04:34 UTC [logFail] WARNING: we don't carry fruit... 
2020-01-07 00:04:39 UTC [logFail] WARNING: sorry all out of coffee 
2020-01-07 00:04:44 UTC [logFail] WARNING: we don't carry fruit... 
2020-01-07 00:04:49 UTC [logFail] WARNING: sorry all out of bacon 
2020-01-07 00:04:54 UTC [logSuccess] INFO: 1 beer for you, that'll be $2 
2020-01-07 00:04:59 UTC [logFail] WARNING: sorry all out of bacon 
2020-01-07 00:05:04 UTC [logFail] WARNING: sorry all out of beer 
2020-01-07 00:05:09 UTC [logFail] WARNING: sorry all out of coffee 
2020-01-07 00:05:14 UTC [logFail] WARNING: sorry all out of coffee 
2020-01-07 00:05:19 UTC [logFail] WARNING: sorry all out of coffee 
2020-01-07 00:05:24 UTC [logFail] WARNING: sorry all out of coffee 
2020-01-07 00:05:29 UTC [logFail] WARNING: sorry all out of bacon 
2020-01-07 00:05:34 UTC [logFail] WARNING: sorry all out of beer 
2020-01-07 00:05:39 UTC [logFail] WARNING: sorry all out of beer 
2020-01-07 00:05:44 UTC [logFail] WARNING: we don't carry fruit... 
2020-01-07 00:05:49 UTC [logFail] WARNING: sorry all out of coffee 
2020-01-07 00:05:54 UTC [logFail] WARNING: sorry all out of coffee 
2020-01-07 00:05:59 UTC [logFail] WARNING: sorry all out of coffee 
2020-01-07 00:06:04 UTC [logFail] WARNING: sorry all out of coffee 
2020-01-07 00:06:09 UTC [logFail] WARNING: sorry all out of coffee 
2020-01-07 00:06:14 UTC [logFail] WARNING: sorry all out of bacon 
2020-01-07 00:06:19 UTC [logFail] WARNING: sorry all out of beer 
2020-01-07 00:06:24 UTC [logFail] WARNING: sorry all out of coffee 
2020-01-07 00:06:29 UTC [logFail] WARNING: sorry all out of coffee 
2020-01-07 00:06:34 UTC [logFail] WARNING: sorry all out of beer 
2020-01-07 00:06:39 UTC [logFail] WARNING: sorry all out of bacon 
2020-01-07 00:06:44 UTC [logFail] WARNING: sorry all out of bacon 
2020-01-07 00:06:49 UTC [logFail] WARNING: sorry all out of bacon 
2020-01-07 00:06:54 UTC [logFail] WARNING: sorry all out of beer 
2020-01-07 00:06:59 UTC [logFail] WARNING: sorry all out of bacon 
2020-01-07 00:07:04 UTC [logFail] WARNING: sorry all out of beer 
2020-01-07 00:07:09 UTC [logFail] WARNING: sorry all out of coffee 
2020-01-07 00:07:14 UTC [logFail] WARNING: sorry all out of bacon 
2020-01-07 00:07:19 UTC [logFail] WARNING: sorry all out of bacon 
2020-01-07 00:07:24 UTC [logFail] WARNING: sorry all out of bacon 
2020-01-07 00:07:29 UTC [logFail] WARNING: sorry all out of coffee 
2020-01-07 00:07:34 UTC [logFail] WARNING: sorry all out of coffee 
2020-01-07 00:07:39 UTC [logFail] WARNING: sorry all out of coffee 
2020-01-07 00:07:44 UTC [logFail] WARNING: we don't carry fruit... 
2020-01-07 00:07:49 UTC [logFail] WARNING: sorry all out of bacon 
2020-01-07 00:07:54 UTC [logFail] WARNING: sorry all out of beer 
2020-01-07 00:07:59 UTC [logFail] WARNING: we don't carry fruit... 
2020-01-07 00:08:04 UTC [logFail] WARNING: sorry all out of coffee 
2020-01-07 00:08:09 UTC [logFail] WARNING: we don't carry fruit... 
2020-01-07 00:08:14 UTC [logFail] WARNING: we don't carry fruit... 
2020-01-07 00:08:19 UTC [logFail] WARNING: sorry all out of coffee 
2020-01-07 00:08:24 UTC [logFail] WARNING: sorry all out of coffee 
2020-01-07 00:08:29 UTC [logFail] WARNING: sorry all out of bacon 
2020-01-07 00:08:34 UTC [logFail] WARNING: sorry all out of bacon 
2020-01-07 00:08:39 UTC [logFail] WARNING: sorry all out of coffee 
2020-01-07 00:08:44 UTC [logFail] WARNING: sorry all out of bacon 
2020-01-07 00:08:49 UTC [logFail] WARNING: sorry all out of beer 
2020-01-07 00:08:54 UTC [logFail] WARNING: we don't carry fruit... 
2020-01-07 00:08:59 UTC [logFail] WARNING: sorry all out of beer 
2020-01-07 00:09:04 UTC [logFail] WARNING: sorry all out of bacon 
2020-01-07 00:09:09 UTC [logFail] WARNING: sorry all out of beer 
2020-01-07 00:09:14 UTC [logFail] WARNING: sorry all out of beer 
2020-01-07 00:09:19 UTC [logFail] WARNING: sorry all out of beer 
2020-01-07 00:09:24 UTC [logFail] WARNING: sorry all out of beer 
2020-01-07 00:09:29 UTC [logFail] WARNING: sorry all out of coffee 
2020-01-07 00:09:34 UTC [logFail] WARNING: sorry all out of coffee 
2020-01-07 00:09:39 UTC [logFail] WARNING: we don't carry fruit... 
2020-01-07 00:09:44 UTC [logFail] WARNING: sorry all out of bacon 
2020-01-07 00:09:49 UTC [logFail] WARNING: sorry all out of coffee 
2020-01-07 00:09:54 UTC [logFail] WARNING: sorry all out of bacon 
2020-01-07 00:09:59 UTC [logFail] WARNING: sorry all out of coffee 
2020-01-07 00:10:09 UTC [logSuccess] INFO: 1 coffee for you, that'll be $1 
2020-01-07 00:10:14 UTC [logSuccess] INFO: 1 coffee for you, that'll be $1 
2020-01-07 00:10:19 UTC [logSuccess] INFO: 1 bacon for you, that'll be $5 
2020-01-07 00:10:24 UTC [logSuccess] INFO: 1 bacon for you, that'll be $5 
2020-01-07 00:10:29 UTC [logSuccess] INFO: 1 beer for you, that'll be $2 
2020-01-07 00:10:34 UTC [logSuccess] INFO: 1 beer for you, that'll be $2 
2020-01-07 00:10:39 UTC [logSuccess] INFO: 1 beer for you, that'll be $2 
2020-01-07 00:10:44 UTC [logSuccess] INFO: 1 bacon for you, that'll be $5 
2020-01-07 00:10:49 UTC [logSuccess] INFO: 1 bacon for you, that'll be $5 
2020-01-07 00:10:54 UTC [logFail] WARNING: we don't carry fruit... 
2020-01-07 00:10:59 UTC [logSuccess] INFO: 1 beer for you, that'll be $2 
2020-01-07 00:11:04 UTC [logSuccess] INFO: 1 beer for you, that'll be $2 
2020-01-07 00:11:09 UTC [logFail] WARNING: we don't carry fruit... 
2020-01-07 00:11:14 UTC [logSuccess] INFO: 1 bacon for you, that'll be $5 
2020-01-07 00:11:19 UTC [logSuccess] INFO: 1 beer for you, that'll be $2 
2020-01-07 00:11:24 UTC [logSuccess] INFO: 1 bacon for you, that'll be $5 
2020-01-07 00:11:29 UTC [logSuccess] INFO: 1 bacon for you, that'll be $5 
2020-01-07 00:11:34 UTC [logSuccess] INFO: 1 beer for you, that'll be $2 
2020-01-07 00:11:39 UTC [logSuccess] INFO: 1 bacon for you, that'll be $5 
2020-01-07 00:11:44 UTC [logFail] WARNING: we don't carry fruit... 
2020-01-07 00:11:49 UTC [logSuccess] INFO: 1 coffee for you, that'll be $1 
2020-01-07 00:11:54 UTC [logFail] WARNING: we don't carry fruit... 
2020-01-07 00:11:59 UTC [logFail] WARNING: we don't carry fruit... 
2020-01-07 00:12:04 UTC [logFail] WARNING: we don't carry fruit... 
2020-01-07 00:12:09 UTC [logSuccess] INFO: 1 bacon for you, that'll be $5 
2020-01-07 00:12:14 UTC [logFail] WARNING: we don't carry fruit... 
2020-01-07 00:12:19 UTC [logSuccess] INFO: 1 beer for you, that'll be $2 
2020-01-07 00:12:24 UTC [logSuccess] INFO: 1 beer for you, that'll be $2 
2020-01-07 00:12:29 UTC [logSuccess] INFO: 1 beer for you, that'll be $2 
2020-01-07 00:12:34 UTC [logFail] WARNING: sorry all out of beer 
2020-01-07 00:12:39 UTC [logFail] WARNING: sorry all out of beer 
2020-01-07 00:12:44 UTC [logSuccess] INFO: 1 coffee for you, that'll be $1 
2020-01-07 00:12:49 UTC [logFail] WARNING: we don't carry fruit... 
2020-01-07 00:12:54 UTC [logFail] WARNING: sorry all out of beer 
2020-01-07 00:12:59 UTC [logSuccess] INFO: 1 coffee for you, that'll be $1 
2020-01-07 00:13:04 UTC [logFail] WARNING: sorry all out of beer 
2020-01-07 00:13:09 UTC [logFail] WARNING: we don't carry fruit... 
2020-01-07 00:13:14 UTC [logSuccess] INFO: 1 bacon for you, that'll be $5 
2020-01-07 00:13:19 UTC [logSuccess] INFO: 1 coffee for you, that'll be $1 
2020-01-07 00:13:24 UTC [logFail] WARNING: sorry all out of bacon 
2020-01-07 00:13:29 UTC [logFail] WARNING: sorry all out of beer 
2020-01-07 00:13:34 UTC [logFail] WARNING: sorry all out of beer 
2020-01-07 00:13:39 UTC [logSuccess] INFO: 1 coffee for you, that'll be $1 
2020-01-07 00:13:44 UTC [logFail] WARNING: we don't carry fruit... 
2020-01-07 00:13:49 UTC [logFail] WARNING: sorry all out of beer 
2020-01-07 00:13:54 UTC [logFail] WARNING: sorry all out of bacon 
2020-01-07 00:13:59 UTC [logFail] WARNING: sorry all out of bacon 
2020-01-07 00:14:04 UTC [logFail] WARNING: sorry all out of bacon 
2020-01-07 00:14:09 UTC [logFail] WARNING: sorry all out of beer 
2020-01-07 00:14:14 UTC [logFail] WARNING: we don't carry fruit... 
2020-01-07 00:14:19 UTC [logFail] WARNING: sorry all out of beer 
2020-01-07 00:14:24 UTC [logFail] WARNING: sorry all out of bacon 
2020-01-07 00:14:29 UTC [logSuccess] INFO: 1 coffee for you, that'll be $1 
2020-01-07 00:14:34 UTC [logFail] WARNING: we don't carry fruit... 
2020-01-07 00:14:39 UTC [logFail] WARNING: sorry all out of bacon 
2020-01-07 00:14:44 UTC [logSuccess] INFO: 1 coffee for you, that'll be $1 
2020-01-07 00:14:49 UTC [logSuccess] INFO: 1 coffee for you, that'll be $1 
2020-01-07 00:14:54 UTC [logFail] WARNING: sorry all out of coffee 
2020-01-07 00:14:59 UTC [logFail] WARNING: we don't carry fruit... 
2020-01-07 00:30:07 UTC [logSuccess] INFO: 1 coffee for you, that'll be $1 
2020-01-07 00:30:12 UTC [logSuccess] INFO: 1 coffee for you, that'll be $1 
2020-01-07 00:30:17 UTC [logSuccess] INFO: 1 coffee for you, that'll be $1 
2020-01-07 00:30:22 UTC [logSuccess] INFO: 1 bacon for you, that'll be $5 
2020-01-07 00:30:27 UTC [logSuccess] INFO: 1 coffee for you, that'll be $1 
2020-01-07 00:30:32 UTC [logSuccess] INFO: 1 coffee for you, that'll be $1 
2020-01-07 00:30:37 UTC [logSuccess] INFO: 1 bacon for you, that'll be $5 
2020-01-07 00:30:42 UTC [logSuccess] INFO: 1 coffee for you, that'll be $1 
2020-01-07 00:30:47 UTC [logSuccess] INFO: 1 bacon for you, that'll be $5 
2020-01-07 00:30:52 UTC [logSuccess] INFO: 1 coffee for you, that'll be $1 
2020-01-07 00:30:57 UTC [logFail] WARNING: we don't carry fruit... 
2020-01-07 00:31:02 UTC [logSuccess] INFO: 1 bacon for you, that'll be $5 
2020-01-07 00:31:07 UTC [logSuccess] INFO: 1 beer for you, that'll be $2 
2020-01-07 00:31:12 UTC [logSuccess] INFO: 1 coffee for you, that'll be $1 
2020-01-07 00:31:17 UTC [logSuccess] INFO: 1 beer for you, that'll be $2 
2020-01-07 00:31:22 UTC [logSuccess] INFO: 1 bacon for you, that'll be $5 
2020-01-07 00:31:27 UTC [logSuccess] INFO: 1 bacon for you, that'll be $5 
2020-01-07 00:31:32 UTC [logSuccess] INFO: 1 bacon for you, that'll be $5 
2020-01-07 00:31:37 UTC [logFail] WARNING: we don't carry fruit... 
2020-01-07 00:31:42 UTC [logSuccess] INFO: 1 coffee for you, that'll be $1 
2020-01-07 00:31:47 UTC [logSuccess] INFO: 1 coffee for you, that'll be $1 
2020-01-07 00:31:52 UTC [logFail] WARNING: sorry all out of coffee 
2020-01-07 00:31:57 UTC [logFail] WARNING: we don't carry fruit... 
2020-01-07 00:32:02 UTC [logFail] WARNING: sorry all out of coffee 
2020-01-07 00:32:07 UTC [logSuccess] INFO: 1 bacon for you, that'll be $5 
2020-01-07 00:32:12 UTC [logFail] WARNING: we don't carry fruit... 
2020-01-07 00:32:17 UTC [logFail] WARNING: we don't carry fruit... 
2020-01-07 00:32:22 UTC [logFail] WARNING: we don't carry fruit... 
2020-01-07 00:32:27 UTC [logFail] WARNING: we don't carry fruit... 
2020-01-07 00:32:32 UTC [logFail] WARNING: we don't carry fruit... 
2020-01-07 00:32:37 UTC [logSuccess] INFO: 1 beer for you, that'll be $2 
2020-01-07 00:32:42 UTC [logFail] WARNING: we don't carry fruit... 
2020-01-07 00:32:47 UTC [logSuccess] INFO: 1 bacon for you, that'll be $5 
2020-01-07 00:32:52 UTC [logSuccess] INFO: 1 beer for you, that'll be $2 
2020-01-07 00:32:57 UTC [logFail] WARNING: sorry all out of coffee 
2020-01-07 00:33:02 UTC [logSuccess] INFO: 1 bacon for you, that'll be $5 
2020-01-07 00:33:07 UTC [logSuccess] INFO: 1 beer for you, that'll be $2 
2020-01-07 00:33:12 UTC [logFail] WARNING: we don't carry fruit... 
2020-01-07 00:33:17 UTC [logFail] WARNING: sorry all out of coffee 
2020-01-07 00:33:22 UTC [logSuccess] INFO: 1 beer for you, that'll be $2 
2020-01-07 00:33:27 UTC [logFail] WARNING: sorry all out of coffee 
2020-01-07 00:33:32 UTC [logFail] WARNING: sorry all out of bacon 
2020-01-07 00:33:37 UTC [logFail] WARNING: we don't carry fruit... 
2020-01-07 00:33:42 UTC [logFail] WARNING: we don't carry fruit... 
2020-01-07 00:33:47 UTC [logFail] WARNING: we don't carry fruit... 
2020-01-07 00:33:52 UTC [logSuccess] INFO: 1 beer for you, that'll be $2 
2020-01-07 00:33:57 UTC [logSuccess] INFO: 1 beer for you, that'll be $2 
2020-01-07 00:34:02 UTC [logFail] WARNING: we don't carry fruit... 
2020-01-07 00:34:07 UTC [logSuccess] INFO: 1 beer for you, that'll be $2 
2020-01-07 00:34:12 UTC [logFail] WARNING: sorry all out of bacon 
2020-01-07 00:34:17 UTC [logSuccess] INFO: 1 beer for you, that'll be $2 
2020-01-07 00:34:22 UTC [logFail] WARNING: sorry all out of bacon 
2020-01-07 00:34:27 UTC [logFail] WARNING: sorry all out of coffee 
2020-01-07 00:34:32 UTC [logFail] WARNING: sorry all out of bacon 
2020-01-07 00:34:37 UTC [logFail] WARNING: sorry all out of coffee 
2020-01-07 00:34:42 UTC [logFail] WARNING: sorry all out of bacon 
2020-01-07 00:34:47 UTC [logFail] WARNING: sorry all out of coffee 
2020-01-07 00:34:52 UTC [logFail] WARNING: sorry all out of coffee 
2020-01-07 00:34:57 UTC [logFail] WARNING: sorry all out of beer 
2020-01-07 00:35:02 UTC [logFail] WARNING: we don't carry fruit... 
2020-01-07 00:35:07 UTC [logFail] WARNING: sorry all out of coffee 
2020-01-07 00:35:12 UTC [logFail] WARNING: we don't carry fruit... 
2020-01-07 00:35:17 UTC [logFail] WARNING: we don't carry fruit... 
2020-01-07 00:35:22 UTC [logFail] WARNING: we don't carry fruit... 
2020-01-07 00:35:27 UTC [logFail] WARNING: sorry all out of beer 
2020-01-07 00:35:32 UTC [logFail] WARNING: sorry all out of coffee 
2020-01-07 00:35:37 UTC [logFail] WARNING: we don't carry fruit... 
2020-01-07 00:35:42 UTC [logFail] WARNING: sorry all out of beer 
2020-01-07 00:35:47 UTC [logFail] WARNING: sorry all out of bacon 
2020-01-07 00:35:52 UTC [logFail] WARNING: sorry all out of beer 
2020-01-07 00:35:57 UTC [logFail] WARNING: sorry all out of coffee 
2020-01-07 00:36:02 UTC [logFail] WARNING: we don't carry fruit... 
2020-01-07 00:36:07 UTC [logFail] WARNING: sorry all out of bacon 
2020-01-07 00:36:12 UTC [logFail] WARNING: we don't carry fruit... 
2020-01-07 00:36:17 UTC [logFail] WARNING: sorry all out of bacon 
2020-01-07 00:36:22 UTC [logFail] WARNING: we don't carry fruit... 
2020-01-07 00:36:27 UTC [logFail] WARNING: we don't carry fruit... 
2020-01-07 00:36:32 UTC [logFail] WARNING: sorry all out of bacon 
2020-01-07 00:36:37 UTC [logFail] WARNING: sorry all out of beer 
2020-01-07 00:36:42 UTC [logFail] WARNING: we don't carry fruit... 
2020-01-07 00:36:47 UTC [logFail] WARNING: sorry all out of beer 
2020-01-07 00:36:52 UTC [logFail] WARNING: we don't carry fruit... 
2020-01-07 00:36:57 UTC [logFail] WARNING: sorry all out of beer 
2020-01-07 00:37:02 UTC [logFail] WARNING: sorry all out of coffee 
2020-01-07 00:37:07 UTC [logFail] WARNING: sorry all out of beer 
2020-01-07 00:37:12 UTC [logFail] WARNING: sorry all out of beer 
2020-01-07 00:37:17 UTC [logFail] WARNING: sorry all out of bacon 
2020-01-07 00:37:22 UTC [logFail] WARNING: sorry all out of coffee 
2020-01-07 00:37:27 UTC [logFail] WARNING: we don't carry fruit... 
2020-01-07 00:37:32 UTC [logFail] WARNING: sorry all out of beer 
2020-01-07 00:37:37 UTC [logFail] WARNING: sorry all out of bacon 
2020-01-07 00:37:42 UTC [logFail] WARNING: sorry all out of coffee 
2020-01-07 00:37:47 UTC [logFail] WARNING: we don't carry fruit... 
2020-01-07 00:37:52 UTC [logFail] WARNING: sorry all out of bacon 
2020-01-07 00:37:57 UTC [logFail] WARNING: sorry all out of beer 
2020-01-07 00:38:02 UTC [logFail] WARNING: sorry all out of beer 
2020-01-07 00:38:07 UTC [logFail] WARNING: sorry all out of beer 
2020-01-07 00:38:12 UTC [logFail] WARNING: sorry all out of beer 
2020-01-07 00:38:17 UTC [logFail] WARNING: sorry all out of bacon 
2020-01-07 00:38:22 UTC [logFail] WARNING: sorry all out of coffee 
2020-01-07 00:38:27 UTC [logFail] WARNING: we don't carry fruit... 
2020-01-07 00:38:32 UTC [logFail] WARNING: sorry all out of coffee 
2020-01-07 00:38:37 UTC [logFail] WARNING: sorry all out of beer 
2020-01-07 00:38:42 UTC [logFail] WARNING: sorry all out of beer 
2020-01-07 00:38:47 UTC [logFail] WARNING: we don't carry fruit... 
2020-01-07 00:38:52 UTC [logFail] WARNING: we don't carry fruit... 
2020-01-07 00:38:57 UTC [logFail] WARNING: we don't carry fruit... 
2020-01-07 00:39:02 UTC [logFail] WARNING: sorry all out of bacon 
2020-01-07 00:39:07 UTC [logFail] WARNING: sorry all out of coffee 
2020-01-07 00:39:12 UTC [logFail] WARNING: sorry all out of coffee 
2020-01-07 00:39:17 UTC [logFail] WARNING: sorry all out of beer 
2020-01-07 00:39:22 UTC [logFail] WARNING: we don't carry fruit... 
2020-01-07 00:39:27 UTC [logFail] WARNING: sorry all out of beer 
2020-01-07 00:39:32 UTC [logFail] WARNING: sorry all out of beer 
2020-01-07 00:39:37 UTC [logFail] WARNING: sorry all out of beer 
2020-01-07 00:39:42 UTC [logFail] WARNING: sorry all out of coffee 
2020-01-07 00:39:47 UTC [logFail] WARNING: we don't carry fruit... 
2020-01-07 00:39:52 UTC [logFail] WARNING: sorry all out of beer 
2020-01-07 00:39:57 UTC [logFail] WARNING: we don't carry fruit... 
2020-01-07 00:40:02 UTC [logFail] WARNING: sorry all out of bacon 
2020-01-07 00:40:07 UTC [logFail] WARNING: we don't carry fruit... 
2020-01-07 00:40:12 UTC [logSuccess] INFO: 1 beer for you, that'll be $2 
2020-01-07 00:40:17 UTC [logSuccess] INFO: 1 coffee for you, that'll be $1 
2020-01-07 00:40:22 UTC [logSuccess] INFO: 1 beer for you, that'll be $2 
2020-01-07 00:40:27 UTC [logSuccess] INFO: 1 bacon for you, that'll be $5 
2020-01-07 00:40:32 UTC [logFail] WARNING: we don't carry fruit... 
2020-01-07 00:40:37 UTC [logSuccess] INFO: 1 bacon for you, that'll be $5 
2020-01-07 00:40:42 UTC [logSuccess] INFO: 1 bacon for you, that'll be $5 
2020-01-07 00:40:47 UTC [logSuccess] INFO: 1 beer for you, that'll be $2 
2020-01-07 00:40:52 UTC [logSuccess] INFO: 1 beer for you, that'll be $2 
2020-01-07 00:40:57 UTC [logSuccess] INFO: 1 coffee for you, that'll be $1 
2020-01-07 00:41:02 UTC [logFail] WARNING: we don't carry fruit... 
2020-01-07 00:41:07 UTC [logSuccess] INFO: 1 coffee for you, that'll be $1 
2020-01-07 00:41:12 UTC [logSuccess] INFO: 1 beer for you, that'll be $2 
2020-01-07 00:41:17 UTC [logFail] WARNING: we don't carry fruit... 
2020-01-07 00:41:22 UTC [logSuccess] INFO: 1 coffee for you, that'll be $1 
2020-01-07 00:41:27 UTC [logSuccess] INFO: 1 coffee for you, that'll be $1 
2020-01-07 00:41:32 UTC [logFail] WARNING: we don't carry fruit... 
2020-01-07 00:41:37 UTC [logSuccess] INFO: 1 coffee for you, that'll be $1 
2020-01-07 00:41:42 UTC [logFail] WARNING: we don't carry fruit... 
2020-01-07 00:41:47 UTC [logSuccess] INFO: 1 coffee for you, that'll be $1 
2020-01-07 00:41:52 UTC [logSuccess] INFO: 1 coffee for you, that'll be $1 
2020-01-07 00:41:57 UTC [logSuccess] INFO: 1 beer for you, that'll be $2 
2020-01-07 00:42:02 UTC [logSuccess] INFO: 1 beer for you, that'll be $2 
2020-01-07 00:42:07 UTC [logSuccess] INFO: 1 coffee for you, that'll be $1 
2020-01-07 00:42:12 UTC [logFail] WARNING: we don't carry fruit... 
2020-01-07 00:42:17 UTC [logSuccess] INFO: 1 bacon for you, that'll be $5 
2020-01-07 00:42:22 UTC [logSuccess] INFO: 1 coffee for you, that'll be $1 
2020-01-07 00:42:27 UTC [logFail] WARNING: we don't carry fruit... 
2020-01-07 00:42:32 UTC [logFail] WARNING: sorry all out of coffee 
2020-01-07 00:42:37 UTC [logFail] WARNING: sorry all out of coffee 
2020-01-07 00:42:42 UTC [logSuccess] INFO: 1 bacon for you, that'll be $5 
2020-01-07 00:42:47 UTC [logFail] WARNING: sorry all out of coffee 
2020-01-07 00:42:52 UTC [logSuccess] INFO: 1 beer for you, that'll be $2 
2020-01-07 00:42:57 UTC [logFail] WARNING: we don't carry fruit... 
2020-01-07 00:43:02 UTC [logSuccess] INFO: 1 bacon for you, that'll be $5 
2020-01-07 00:43:07 UTC [logSuccess] INFO: 1 beer for you, that'll be $2 
2020-01-07 00:43:12 UTC [logSuccess] INFO: 1 beer for you, that'll be $2 
2020-01-07 00:43:17 UTC [logFail] WARNING: we don't carry fruit... 
2020-01-07 00:43:22 UTC [logFail] WARNING: sorry all out of beer 
2020-01-07 00:43:27 UTC [logFail] WARNING: sorry all out of coffee 
2020-01-07 00:43:32 UTC [logSuccess] INFO: 1 bacon for you, that'll be $5 
2020-01-07 00:43:37 UTC [logFail] WARNING: sorry all out of beer 
2020-01-07 00:43:42 UTC [logFail] WARNING: sorry all out of coffee 
2020-01-07 00:43:47 UTC [logFail] WARNING: sorry all out of beer 
2020-01-07 00:43:52 UTC [logFail] WARNING: sorry all out of coffee 
2020-01-07 00:43:57 UTC [logFail] WARNING: we don't carry fruit... 
2020-01-07 00:44:02 UTC [logFail] WARNING: sorry all out of beer 
2020-01-07 00:44:07 UTC [logFail] WARNING: sorry all out of beer 
2020-01-07 00:44:12 UTC [logFail] WARNING: we don't carry fruit... 
2020-01-07 00:44:17 UTC [logSuccess] INFO: 1 bacon for you, that'll be $5 
2020-01-07 00:44:22 UTC [logFail] WARNING: sorry all out of coffee 
2020-01-07 00:44:27 UTC [logFail] WARNING: sorry all out of coffee 
2020-01-07 00:44:32 UTC [logFail] WARNING: sorry all out of beer 
2020-01-07 00:44:37 UTC [logSuccess] INFO: 1 bacon for you, that'll be $5 
2020-01-07 00:44:42 UTC [logFail] WARNING: we don't carry fruit... 
2020-01-07 00:44:47 UTC [logFail] WARNING: we don't carry fruit... 
2020-01-07 00:44:52 UTC [logSuccess] INFO: 1 bacon for you, that'll be $5 
2020-01-07 00:44:57 UTC [logFail] WARNING: sorry all out of bacon 
2020-01-07 01:00:07 UTC [logSuccess] INFO: 1 coffee for you, that'll be $1 
2020-01-07 01:00:12 UTC [logFail] WARNING: we don't carry fruit... 
2020-01-07 01:00:17 UTC [logSuccess] INFO: 1 coffee for you, that'll be $1 
2020-01-07 01:00:22 UTC [logSuccess] INFO: 1 beer for you, that'll be $2 
2020-01-07 01:00:27 UTC [logSuccess] INFO: 1 beer for you, that'll be $2 
2020-01-07 01:00:32 UTC [logFail] WARNING: we don't carry fruit... 
2020-01-07 01:00:37 UTC [logFail] WARNING: we don't carry fruit... 
2020-01-07 01:00:42 UTC [logSuccess] INFO: 1 beer for you, that'll be $2 
2020-01-07 01:00:47 UTC [logSuccess] INFO: 1 beer for you, that'll be $2 
2020-01-07 01:00:52 UTC [logSuccess] INFO: 1 beer for you, that'll be $2 
2020-01-07 01:00:57 UTC [logSuccess] INFO: 1 coffee for you, that'll be $1 
2020-01-07 01:01:02 UTC [logSuccess] INFO: 1 coffee for you, that'll be $1 
2020-01-07 01:01:07 UTC [logSuccess] INFO: 1 coffee for you, that'll be $1 
2020-01-07 01:01:12 UTC [logSuccess] INFO: 1 beer for you, that'll be $2 
2020-01-07 01:01:17 UTC [logSuccess] INFO: 1 bacon for you, that'll be $5 
2020-01-07 01:01:22 UTC [logFail] WARNING: we don't carry fruit... 
2020-01-07 01:01:27 UTC [logSuccess] INFO: 1 bacon for you, that'll be $5 
2020-01-07 01:01:32 UTC [logSuccess] INFO: 1 beer for you, that'll be $2 
2020-01-07 01:01:37 UTC [logSuccess] INFO: 1 bacon for you, that'll be $5 
2020-01-07 01:01:42 UTC [logSuccess] INFO: 1 coffee for you, that'll be $1 
2020-01-07 01:01:47 UTC [logFail] WARNING: we don't carry fruit... 
2020-01-07 01:01:52 UTC [logSuccess] INFO: 1 beer for you, that'll be $2 
2020-01-07 01:01:57 UTC [logSuccess] INFO: 1 beer for you, that'll be $2 
2020-01-07 01:02:02 UTC [logFail] WARNING: we don't carry fruit... 
2020-01-07 01:02:07 UTC [logSuccess] INFO: 1 bacon for you, that'll be $5 
2020-01-07 01:02:12 UTC [logSuccess] INFO: 1 coffee for you, that'll be $1 
2020-01-07 01:02:17 UTC [logFail] WARNING: we don't carry fruit... 
2020-01-07 01:02:22 UTC [logFail] WARNING: we don't carry fruit... 
2020-01-07 01:02:27 UTC [logSuccess] INFO: 1 coffee for you, that'll be $1 
2020-01-07 01:02:32 UTC [logSuccess] INFO: 1 beer for you, that'll be $2 
2020-01-07 01:02:37 UTC [logSuccess] INFO: 1 coffee for you, that'll be $1 
2020-01-07 01:02:42 UTC [logFail] WARNING: sorry all out of beer 
2020-01-07 01:02:47 UTC [logSuccess] INFO: 1 bacon for you, that'll be $5 
2020-01-07 01:02:52 UTC [logSuccess] INFO: 1 coffee for you, that'll be $1 
2020-01-07 01:02:57 UTC [logFail] WARNING: we don't carry fruit... 
2020-01-07 01:03:02 UTC [logFail] WARNING: we don't carry fruit... 
2020-01-07 01:03:07 UTC [logFail] WARNING: sorry all out of beer 
2020-01-07 01:03:12 UTC [logFail] WARNING: sorry all out of beer 
2020-01-07 01:03:17 UTC [logFail] WARNING: sorry all out of beer 
2020-01-07 01:03:22 UTC [logFail] WARNING: sorry all out of coffee 
2020-01-07 01:03:27 UTC [logFail] WARNING: sorry all out of coffee 
2020-01-07 01:03:32 UTC [logFail] WARNING: we don't carry fruit... 
2020-01-07 01:03:37 UTC [logSuccess] INFO: 1 bacon for you, that'll be $5 
2020-01-07 01:03:42 UTC [logFail] WARNING: sorry all out of coffee 
2020-01-07 01:03:47 UTC [logFail] WARNING: we don't carry fruit... 
2020-01-07 01:03:52 UTC [logSuccess] INFO: 1 bacon for you, that'll be $5 
2020-01-07 01:03:57 UTC [logFail] WARNING: we don't carry fruit... 
2020-01-07 01:04:02 UTC [logSuccess] INFO: 1 bacon for you, that'll be $5 
2020-01-07 01:04:07 UTC [logFail] WARNING: we don't carry fruit... 
2020-01-07 01:04:12 UTC [logFail] WARNING: sorry all out of beer 
2020-01-07 01:04:17 UTC [logFail] WARNING: sorry all out of coffee 
2020-01-07 01:04:22 UTC [logFail] WARNING: sorry all out of beer 
2020-01-07 01:04:27 UTC [logFail] WARNING: we don't carry fruit... 
2020-01-07 01:04:32 UTC [logSuccess] INFO: 1 bacon for you, that'll be $5 
2020-01-07 01:04:37 UTC [logFail] WARNING: we don't carry fruit... 
2020-01-07 01:04:42 UTC [logFail] WARNING: sorry all out of beer 
2020-01-07 01:04:47 UTC [logFail] WARNING: we don't carry fruit... 
2020-01-07 01:04:52 UTC [logFail] WARNING: sorry all out of coffee 
2020-01-07 01:04:57 UTC [logFail] WARNING: sorry all out of beer 
2020-01-07 01:05:02 UTC [logFail] WARNING: sorry all out of coffee 
2020-01-07 01:05:07 UTC [logFail] WARNING: we don't carry fruit... 
2020-01-07 01:05:12 UTC [logFail] WARNING: sorry all out of beer 
2020-01-07 01:05:17 UTC [logSuccess] INFO: 1 bacon for you, that'll be $5 
2020-01-07 01:05:22 UTC [logFail] WARNING: we don't carry fruit... 
2020-01-07 01:05:27 UTC [logFail] WARNING: sorry all out of bacon 
2020-01-07 01:05:32 UTC [logFail] WARNING: sorry all out of beer 
2020-01-07 01:05:37 UTC [logFail] WARNING: we don't carry fruit... 
2020-01-07 01:05:42 UTC [logFail] WARNING: sorry all out of bacon 
2020-01-07 01:05:47 UTC [logFail] WARNING: sorry all out of beer 
2020-01-07 01:05:52 UTC [logFail] WARNING: sorry all out of bacon 
2020-01-07 01:05:57 UTC [logFail] WARNING: we don't carry fruit... 
2020-01-07 01:06:02 UTC [logFail] WARNING: sorry all out of beer 
2020-01-07 01:06:07 UTC [logFail] WARNING: sorry all out of beer 
2020-01-07 01:06:12 UTC [logFail] WARNING: sorry all out of beer 
2020-01-07 01:06:17 UTC [logFail] WARNING: sorry all out of coffee 
2020-01-07 01:06:22 UTC [logFail] WARNING: sorry all out of coffee 
2020-01-07 01:06:27 UTC [logFail] WARNING: sorry all out of bacon 
2020-01-07 01:06:32 UTC [logFail] WARNING: sorry all out of coffee 
2020-01-07 01:06:37 UTC [logFail] WARNING: sorry all out of coffee 
2020-01-07 01:06:42 UTC [logFail] WARNING: sorry all out of beer 
2020-01-07 01:06:47 UTC [logFail] WARNING: sorry all out of coffee 
2020-01-07 01:06:52 UTC [logFail] WARNING: sorry all out of bacon 
2020-01-07 01:06:57 UTC [logFail] WARNING: sorry all out of bacon 
2020-01-07 01:07:02 UTC [logFail] WARNING: sorry all out of coffee 
2020-01-07 01:07:07 UTC [logFail] WARNING: we don't carry fruit... 
2020-01-07 01:07:12 UTC [logFail] WARNING: we don't carry fruit... 
2020-01-07 01:07:17 UTC [logFail] WARNING: we don't carry fruit... 
2020-01-07 01:07:22 UTC [logFail] WARNING: sorry all out of coffee 
2020-01-07 01:07:27 UTC [logFail] WARNING: sorry all out of coffee 
2020-01-07 01:07:32 UTC [logFail] WARNING: sorry all out of coffee 
2020-01-07 01:07:37 UTC [logFail] WARNING: sorry all out of coffee 
2020-01-07 01:07:42 UTC [logFail] WARNING: sorry all out of bacon 
2020-01-07 01:07:47 UTC [logFail] WARNING: sorry all out of bacon 
2020-01-07 01:07:52 UTC [logFail] WARNING: sorry all out of coffee 
2020-01-07 01:07:57 UTC [logFail] WARNING: sorry all out of beer 
2020-01-07 01:08:02 UTC [logFail] WARNING: sorry all out of coffee 
2020-01-07 01:08:07 UTC [logFail] WARNING: sorry all out of beer 
2020-01-07 01:08:12 UTC [logFail] WARNING: sorry all out of coffee 
2020-01-07 01:08:17 UTC [logFail] WARNING: sorry all out of coffee 
2020-01-07 01:08:22 UTC [logFail] WARNING: we don't carry fruit... 
2020-01-07 01:08:27 UTC [logFail] WARNING: we don't carry fruit... 
2020-01-07 01:08:32 UTC [logFail] WARNING: sorry all out of coffee 
2020-01-07 01:08:37 UTC [logFail] WARNING: sorry all out of coffee 
2020-01-07 01:08:42 UTC [logFail] WARNING: sorry all out of bacon 
2020-01-07 01:08:47 UTC [logFail] WARNING: sorry all out of bacon 
2020-01-07 01:08:52 UTC [logFail] WARNING: we don't carry fruit... 
2020-01-07 01:08:57 UTC [logFail] WARNING: sorry all out of coffee 
2020-01-07 01:09:02 UTC [logFail] WARNING: we don't carry fruit... 
2020-01-07 01:09:07 UTC [logFail] WARNING: sorry all out of coffee 
2020-01-07 01:09:12 UTC [logFail] WARNING: sorry all out of bacon 
2020-01-07 01:09:17 UTC [logFail] WARNING: sorry all out of beer 
2020-01-07 01:09:22 UTC [logFail] WARNING: we don't carry fruit... 
2020-01-07 01:09:27 UTC [logFail] WARNING: we don't carry fruit... 
2020-01-07 01:09:32 UTC [logFail] WARNING: sorry all out of bacon 
2020-01-07 01:09:37 UTC [logFail] WARNING: sorry all out of bacon 
2020-01-07 01:09:42 UTC [logFail] WARNING: sorry all out of beer 
2020-01-07 01:09:47 UTC [logFail] WARNING: sorry all out of coffee 
2020-01-07 01:09:52 UTC [logFail] WARNING: sorry all out of coffee 
2020-01-07 01:09:57 UTC [logFail] WARNING: we don't carry fruit... 
2020-01-07 01:10:07 UTC [logFail] WARNING: we don't carry fruit... 
2020-01-07 01:10:12 UTC [logSuccess] INFO: 1 beer for you, that'll be $2 
2020-01-07 01:10:17 UTC [logSuccess] INFO: 1 bacon for you, that'll be $5 
2020-01-07 01:10:22 UTC [logFail] WARNING: we don't carry fruit... 
2020-01-07 01:10:27 UTC [logSuccess] INFO: 1 bacon for you, that'll be $5 
2020-01-07 01:10:32 UTC [logFail] WARNING: we don't carry fruit... 
2020-01-07 01:10:37 UTC [logSuccess] INFO: 1 coffee for you, that'll be $1 
2020-01-07 01:10:42 UTC [logFail] WARNING: we don't carry fruit... 
2020-01-07 01:10:47 UTC [logFail] WARNING: we don't carry fruit... 
2020-01-07 01:10:52 UTC [logSuccess] INFO: 1 beer for you, that'll be $2 
2020-01-07 01:10:57 UTC [logSuccess] INFO: 1 coffee for you, that'll be $1 
2020-01-07 01:11:02 UTC [logSuccess] INFO: 1 coffee for you, that'll be $1 
2020-01-07 01:11:07 UTC [logSuccess] INFO: 1 beer for you, that'll be $2 
2020-01-07 01:11:12 UTC [logSuccess] INFO: 1 beer for you, that'll be $2 
2020-01-07 01:11:17 UTC [logSuccess] INFO: 1 coffee for you, that'll be $1 
2020-01-07 01:11:22 UTC [logSuccess] INFO: 1 bacon for you, that'll be $5 
2020-01-07 01:11:27 UTC [logFail] WARNING: we don't carry fruit... 
2020-01-07 01:11:32 UTC [logSuccess] INFO: 1 coffee for you, that'll be $1 
2020-01-07 01:11:37 UTC [logSuccess] INFO: 1 coffee for you, that'll be $1 
2020-01-07 01:11:42 UTC [logSuccess] INFO: 1 coffee for you, that'll be $1 
2020-01-07 01:11:47 UTC [logSuccess] INFO: 1 bacon for you, that'll be $5 
2020-01-07 01:11:52 UTC [logSuccess] INFO: 1 coffee for you, that'll be $1 
2020-01-07 01:11:57 UTC [logSuccess] INFO: 1 bacon for you, that'll be $5 
2020-01-07 01:12:02 UTC [logFail] WARNING: we don't carry fruit... 
2020-01-07 01:12:07 UTC [logSuccess] INFO: 1 beer for you, that'll be $2 
2020-01-07 01:12:12 UTC [logSuccess] INFO: 1 coffee for you, that'll be $1 
2020-01-07 01:12:17 UTC [logSuccess] INFO: 1 coffee for you, that'll be $1 
2020-01-07 01:12:22 UTC [logSuccess] INFO: 1 beer for you, that'll be $2 
2020-01-07 01:12:27 UTC [logSuccess] INFO: 1 bacon for you, that'll be $5 
2020-01-07 01:12:32 UTC [logSuccess] INFO: 1 bacon for you, that'll be $5 
2020-01-07 01:12:37 UTC [logSuccess] INFO: 1 beer for you, that'll be $2 
2020-01-07 01:12:42 UTC [logFail] WARNING: sorry all out of coffee 
2020-01-07 01:12:47 UTC [logFail] WARNING: we don't carry fruit... 
2020-01-07 01:12:52 UTC [logFail] WARNING: we don't carry fruit... 
2020-01-07 01:12:57 UTC [logFail] WARNING: we don't carry fruit... 
2020-01-07 01:13:02 UTC [logFail] WARNING: we don't carry fruit... 
2020-01-07 01:13:07 UTC [logSuccess] INFO: 1 beer for you, that'll be $2 
2020-01-07 01:13:12 UTC [logSuccess] INFO: 1 beer for you, that'll be $2 
2020-01-07 01:13:17 UTC [logSuccess] INFO: 1 beer for you, that'll be $2 
2020-01-07 01:13:22 UTC [logSuccess] INFO: 1 bacon for you, that'll be $5 
2020-01-07 01:13:27 UTC [logFail] WARNING: sorry all out of coffee 
2020-01-07 01:13:32 UTC [logFail] WARNING: sorry all out of coffee 
